I, [2014-05-06T00:37:18.346456 #4040]  INFO -- : Started GET "/" for 127.0.0.1 at 2014-05-06 00:37:18 +0800
I, [2014-05-06T00:37:18.377710 #4040]  INFO -- : Processing by StaticPagesController#home as HTML
I, [2014-05-06T00:37:18.440214 #4040]  INFO -- :   Rendered static_pages/home.html.erb within layouts/application (0.0ms)
I, [2014-05-06T00:37:18.440214 #4040]  INFO -- :   Rendered layouts/_shim.html.erb (0.0ms)
E, [2014-05-06T00:37:18.471466 #4040] ERROR -- : SQLite3::SQLException: no such table: users: SELECT  "users".* FROM "users"  WHERE "users"."remember_token" = 'da39a3ee5e6b4b0d3255bfef95601890afd80709' LIMIT 1
I, [2014-05-06T00:37:18.502718 #4040]  INFO -- :   Rendered layouts/_header.html.erb (31.3ms)
I, [2014-05-06T00:37:18.502718 #4040]  INFO -- : Completed 500 Internal Server Error in 125ms
F, [2014-05-06T00:37:18.502718 #4040] FATAL -- : 
ActionView::Template::Error (SQLite3::SQLException: no such table: users: SELECT  "users".* FROM "users"  WHERE "users"."remember_token" = 'da39a3ee5e6b4b0d3255bfef95601890afd80709' LIMIT 1):
     6:         <ul class="nav pull-right">
     7:           <li><%= link_to "Home", root_path %></li>
     8:           <li><%= link_to "Help", help_path %></li>
     9:           <% if signed_in? %>
    10:             <li><%= link_to "Users", '#' %></li>
    11:             <li id="fat-menu" class="dropdown">
    12:               <a href="#" class="dropdown-toggle" data-toggle="dropdown">
  app/helpers/sessions_helper.rb:26:in `current_user'
  app/helpers/sessions_helper.rb:17:in `signed_in?'
  app/views/layouts/_header.html.erb:9:in `_app_views_layouts__header_html_erb___1047570017_31432824'
  app/views/layouts/application.html.erb:12:in `_app_views_layouts_application_html_erb__366903456_28605324'


I, [2014-05-06T00:37:18.580852 #4040]  INFO -- : Started GET "/" for 127.0.0.1 at 2014-05-06 00:37:18 +0800
I, [2014-05-06T00:37:18.580852 #4040]  INFO -- : Processing by StaticPagesController#home as HTML
I, [2014-05-06T00:37:18.596476 #4040]  INFO -- :   Rendered static_pages/home.html.erb within layouts/application (0.0ms)
I, [2014-05-06T00:37:18.596476 #4040]  INFO -- :   Rendered layouts/_shim.html.erb (0.0ms)
E, [2014-05-06T00:37:18.627728 #4040] ERROR -- : SQLite3::SQLException: no such table: users: SELECT  "users".* FROM "users"  WHERE "users"."remember_token" = 'da39a3ee5e6b4b0d3255bfef95601890afd80709' LIMIT 1
I, [2014-05-06T00:37:18.643355 #4040]  INFO -- :   Rendered layouts/_header.html.erb (0.0ms)
I, [2014-05-06T00:37:18.643355 #4040]  INFO -- : Completed 500 Internal Server Error in 63ms
F, [2014-05-06T00:37:18.643355 #4040] FATAL -- : 
ActionView::Template::Error (SQLite3::SQLException: no such table: users: SELECT  "users".* FROM "users"  WHERE "users"."remember_token" = 'da39a3ee5e6b4b0d3255bfef95601890afd80709' LIMIT 1):
     6:         <ul class="nav pull-right">
     7:           <li><%= link_to "Home", root_path %></li>
     8:           <li><%= link_to "Help", help_path %></li>
     9:           <% if signed_in? %>
    10:             <li><%= link_to "Users", '#' %></li>
    11:             <li id="fat-menu" class="dropdown">
    12:               <a href="#" class="dropdown-toggle" data-toggle="dropdown">
  app/helpers/sessions_helper.rb:26:in `current_user'
  app/helpers/sessions_helper.rb:17:in `signed_in?'
  app/views/layouts/_header.html.erb:9:in `_app_views_layouts__header_html_erb___1047570017_35088432'
  app/views/layouts/application.html.erb:12:in `_app_views_layouts_application_html_erb__366903456_28605324'


I, [2014-05-06T00:37:26.034553 #4040]  INFO -- : Started GET "/help" for 127.0.0.1 at 2014-05-06 00:37:26 +0800
I, [2014-05-06T00:37:26.034553 #4040]  INFO -- : Processing by StaticPagesController#help as HTML
I, [2014-05-06T00:37:26.034553 #4040]  INFO -- :   Rendered static_pages/help.html.erb within layouts/application (0.0ms)
I, [2014-05-06T00:37:26.034553 #4040]  INFO -- :   Rendered layouts/_shim.html.erb (0.0ms)
E, [2014-05-06T00:37:26.034553 #4040] ERROR -- : SQLite3::SQLException: no such table: users: SELECT  "users".* FROM "users"  WHERE "users"."remember_token" = 'da39a3ee5e6b4b0d3255bfef95601890afd80709' LIMIT 1
I, [2014-05-06T00:37:26.065805 #4040]  INFO -- :   Rendered layouts/_header.html.erb (31.3ms)
I, [2014-05-06T00:37:26.065805 #4040]  INFO -- : Completed 500 Internal Server Error in 31ms
F, [2014-05-06T00:37:26.065805 #4040] FATAL -- : 
ActionView::Template::Error (SQLite3::SQLException: no such table: users: SELECT  "users".* FROM "users"  WHERE "users"."remember_token" = 'da39a3ee5e6b4b0d3255bfef95601890afd80709' LIMIT 1):
     6:         <ul class="nav pull-right">
     7:           <li><%= link_to "Home", root_path %></li>
     8:           <li><%= link_to "Help", help_path %></li>
     9:           <% if signed_in? %>
    10:             <li><%= link_to "Users", '#' %></li>
    11:             <li id="fat-menu" class="dropdown">
    12:               <a href="#" class="dropdown-toggle" data-toggle="dropdown">
  app/helpers/sessions_helper.rb:26:in `current_user'
  app/helpers/sessions_helper.rb:17:in `signed_in?'
  app/views/layouts/_header.html.erb:9:in `_app_views_layouts__header_html_erb___1047570017_31432824'
  app/views/layouts/application.html.erb:12:in `_app_views_layouts_application_html_erb__366903456_28605324'


I, [2014-05-06T00:37:26.112688 #4040]  INFO -- : Started GET "/help" for 127.0.0.1 at 2014-05-06 00:37:26 +0800
I, [2014-05-06T00:37:26.112688 #4040]  INFO -- : Processing by StaticPagesController#help as HTML
I, [2014-05-06T00:37:26.128310 #4040]  INFO -- :   Rendered static_pages/help.html.erb within layouts/application (0.0ms)
I, [2014-05-06T00:37:26.128310 #4040]  INFO -- :   Rendered layouts/_shim.html.erb (0.0ms)
E, [2014-05-06T00:37:26.128310 #4040] ERROR -- : SQLite3::SQLException: no such table: users: SELECT  "users".* FROM "users"  WHERE "users"."remember_token" = 'da39a3ee5e6b4b0d3255bfef95601890afd80709' LIMIT 1
I, [2014-05-06T00:37:26.143938 #4040]  INFO -- :   Rendered layouts/_header.html.erb (15.6ms)
I, [2014-05-06T00:37:26.143938 #4040]  INFO -- : Completed 500 Internal Server Error in 31ms
F, [2014-05-06T00:37:26.159562 #4040] FATAL -- : 
ActionView::Template::Error (SQLite3::SQLException: no such table: users: SELECT  "users".* FROM "users"  WHERE "users"."remember_token" = 'da39a3ee5e6b4b0d3255bfef95601890afd80709' LIMIT 1):
     6:         <ul class="nav pull-right">
     7:           <li><%= link_to "Home", root_path %></li>
     8:           <li><%= link_to "Help", help_path %></li>
     9:           <% if signed_in? %>
    10:             <li><%= link_to "Users", '#' %></li>
    11:             <li id="fat-menu" class="dropdown">
    12:               <a href="#" class="dropdown-toggle" data-toggle="dropdown">
  app/helpers/sessions_helper.rb:26:in `current_user'
  app/helpers/sessions_helper.rb:17:in `signed_in?'
  app/views/layouts/_header.html.erb:9:in `_app_views_layouts__header_html_erb___1047570017_35088432'
  app/views/layouts/application.html.erb:12:in `_app_views_layouts_application_html_erb__366903456_28605324'


I, [2014-05-06T00:38:33.074053 #5452]  INFO -- : Migrating to CreateUsers (20140505095724)
I, [2014-05-06T00:38:33.324074 #5452]  INFO -- : Migrating to AddIndexToUsersEmail (20140505103536)
I, [2014-05-06T00:38:33.511591 #5452]  INFO -- : Migrating to AddPasswordDigestToUsers (20140505104554)
I, [2014-05-06T00:38:33.652225 #5452]  INFO -- : Migrating to AddRememberTokenToUsers (20140505131635)
I, [2014-05-06T00:41:09.372808 #6220]  INFO -- : Started GET "/help" for 127.0.0.1 at 2014-05-06 00:41:09 +0800
I, [2014-05-06T00:41:09.416863 #6220]  INFO -- : Processing by StaticPagesController#help as HTML
I, [2014-05-06T00:41:09.466926 #6220]  INFO -- :   Rendered static_pages/help.html.erb within layouts/application (0.0ms)
I, [2014-05-06T00:41:09.475937 #6220]  INFO -- :   Rendered layouts/_shim.html.erb (1.0ms)
I, [2014-05-06T00:41:09.504973 #6220]  INFO -- :   Rendered layouts/_header.html.erb (6.0ms)
I, [2014-05-06T00:41:09.513985 #6220]  INFO -- :   Rendered layouts/_footer.html.erb (1.0ms)
I, [2014-05-06T00:41:09.519993 #6220]  INFO -- : Completed 200 OK in 103ms (Views: 92.1ms | ActiveRecord: 2.0ms)
I, [2014-05-06T00:41:09.720244 #6220]  INFO -- : Started GET "/stylesheets/application.css" for 127.0.0.1 at 2014-05-06 00:41:09 +0800
F, [2014-05-06T00:41:09.722246 #6220] FATAL -- : 
ActionController::RoutingError (No route matches [GET] "/stylesheets/application.css"):
  actionpack (4.1.0) lib/action_dispatch/middleware/debug_exceptions.rb:21:in `call'
  actionpack (4.1.0) lib/action_dispatch/middleware/show_exceptions.rb:30:in `call'
  railties (4.1.0) lib/rails/rack/logger.rb:38:in `call_app'
  railties (4.1.0) lib/rails/rack/logger.rb:20:in `block in call'
  activesupport (4.1.0) lib/active_support/tagged_logging.rb:68:in `block in tagged'
  activesupport (4.1.0) lib/active_support/tagged_logging.rb:26:in `tagged'
  activesupport (4.1.0) lib/active_support/tagged_logging.rb:68:in `tagged'
  railties (4.1.0) lib/rails/rack/logger.rb:20:in `call'
  actionpack (4.1.0) lib/action_dispatch/middleware/request_id.rb:21:in `call'
  rack (1.5.2) lib/rack/methodoverride.rb:21:in `call'
  rack (1.5.2) lib/rack/runtime.rb:17:in `call'
  activesupport (4.1.0) lib/active_support/cache/strategy/local_cache_middleware.rb:26:in `call'
  rack (1.5.2) lib/rack/sendfile.rb:112:in `call'
  railties (4.1.0) lib/rails/engine.rb:514:in `call'
  railties (4.1.0) lib/rails/application.rb:144:in `call'
  rack (1.5.2) lib/rack/lock.rb:17:in `call'
  rack (1.5.2) lib/rack/content_length.rb:14:in `call'
  rack (1.5.2) lib/rack/handler/webrick.rb:60:in `service'
  C:/Ruby200/lib/ruby/2.0.0/webrick/httpserver.rb:138:in `service'
  C:/Ruby200/lib/ruby/2.0.0/webrick/httpserver.rb:94:in `run'
  C:/Ruby200/lib/ruby/2.0.0/webrick/server.rb:295:in `block in start_thread'


I, [2014-05-06T00:41:09.739267 #6220]  INFO -- : Started GET "/javascripts/application.js" for 127.0.0.1 at 2014-05-06 00:41:09 +0800
F, [2014-05-06T00:41:09.745274 #6220] FATAL -- : 
ActionController::RoutingError (No route matches [GET] "/javascripts/application.js"):
  actionpack (4.1.0) lib/action_dispatch/middleware/debug_exceptions.rb:21:in `call'
  actionpack (4.1.0) lib/action_dispatch/middleware/show_exceptions.rb:30:in `call'
  railties (4.1.0) lib/rails/rack/logger.rb:38:in `call_app'
  railties (4.1.0) lib/rails/rack/logger.rb:20:in `block in call'
  activesupport (4.1.0) lib/active_support/tagged_logging.rb:68:in `block in tagged'
  activesupport (4.1.0) lib/active_support/tagged_logging.rb:26:in `tagged'
  activesupport (4.1.0) lib/active_support/tagged_logging.rb:68:in `tagged'
  railties (4.1.0) lib/rails/rack/logger.rb:20:in `call'
  actionpack (4.1.0) lib/action_dispatch/middleware/request_id.rb:21:in `call'
  rack (1.5.2) lib/rack/methodoverride.rb:21:in `call'
  rack (1.5.2) lib/rack/runtime.rb:17:in `call'
  activesupport (4.1.0) lib/active_support/cache/strategy/local_cache_middleware.rb:26:in `call'
  rack (1.5.2) lib/rack/sendfile.rb:112:in `call'
  railties (4.1.0) lib/rails/engine.rb:514:in `call'
  railties (4.1.0) lib/rails/application.rb:144:in `call'
  rack (1.5.2) lib/rack/lock.rb:17:in `call'
  rack (1.5.2) lib/rack/content_length.rb:14:in `call'
  rack (1.5.2) lib/rack/handler/webrick.rb:60:in `service'
  C:/Ruby200/lib/ruby/2.0.0/webrick/httpserver.rb:138:in `service'
  C:/Ruby200/lib/ruby/2.0.0/webrick/httpserver.rb:94:in `run'
  C:/Ruby200/lib/ruby/2.0.0/webrick/server.rb:295:in `block in start_thread'


I, [2014-05-06T00:41:43.375656 #6220]  INFO -- : Started GET "/help" for 127.0.0.1 at 2014-05-06 00:41:43 +0800
I, [2014-05-06T00:41:43.375656 #6220]  INFO -- : Processing by StaticPagesController#help as HTML
I, [2014-05-06T00:41:43.375656 #6220]  INFO -- :   Rendered static_pages/help.html.erb within layouts/application (0.0ms)
I, [2014-05-06T00:41:43.375656 #6220]  INFO -- :   Rendered layouts/_shim.html.erb (0.0ms)
I, [2014-05-06T00:41:43.375656 #6220]  INFO -- :   Rendered layouts/_header.html.erb (0.0ms)
I, [2014-05-06T00:41:43.375656 #6220]  INFO -- :   Rendered layouts/_footer.html.erb (0.0ms)
I, [2014-05-06T00:41:43.375656 #6220]  INFO -- : Completed 200 OK in 0ms (Views: 0.0ms | ActiveRecord: 0.0ms)
I, [2014-05-06T00:41:43.453788 #6220]  INFO -- : Started GET "/stylesheets/application.css" for 127.0.0.1 at 2014-05-06 00:41:43 +0800
F, [2014-05-06T00:41:43.453788 #6220] FATAL -- : 
ActionController::RoutingError (No route matches [GET] "/stylesheets/application.css"):
  actionpack (4.1.0) lib/action_dispatch/middleware/debug_exceptions.rb:21:in `call'
  actionpack (4.1.0) lib/action_dispatch/middleware/show_exceptions.rb:30:in `call'
  railties (4.1.0) lib/rails/rack/logger.rb:38:in `call_app'
  railties (4.1.0) lib/rails/rack/logger.rb:20:in `block in call'
  activesupport (4.1.0) lib/active_support/tagged_logging.rb:68:in `block in tagged'
  activesupport (4.1.0) lib/active_support/tagged_logging.rb:26:in `tagged'
  activesupport (4.1.0) lib/active_support/tagged_logging.rb:68:in `tagged'
  railties (4.1.0) lib/rails/rack/logger.rb:20:in `call'
  actionpack (4.1.0) lib/action_dispatch/middleware/request_id.rb:21:in `call'
  rack (1.5.2) lib/rack/methodoverride.rb:21:in `call'
  rack (1.5.2) lib/rack/runtime.rb:17:in `call'
  activesupport (4.1.0) lib/active_support/cache/strategy/local_cache_middleware.rb:26:in `call'
  rack (1.5.2) lib/rack/sendfile.rb:112:in `call'
  railties (4.1.0) lib/rails/engine.rb:514:in `call'
  railties (4.1.0) lib/rails/application.rb:144:in `call'
  rack (1.5.2) lib/rack/lock.rb:17:in `call'
  rack (1.5.2) lib/rack/content_length.rb:14:in `call'
  rack (1.5.2) lib/rack/handler/webrick.rb:60:in `service'
  C:/Ruby200/lib/ruby/2.0.0/webrick/httpserver.rb:138:in `service'
  C:/Ruby200/lib/ruby/2.0.0/webrick/httpserver.rb:94:in `run'
  C:/Ruby200/lib/ruby/2.0.0/webrick/server.rb:295:in `block in start_thread'


I, [2014-05-06T00:41:43.469410 #6220]  INFO -- : Started GET "/javascripts/application.js" for 127.0.0.1 at 2014-05-06 00:41:43 +0800
F, [2014-05-06T00:41:43.469410 #6220] FATAL -- : 
ActionController::RoutingError (No route matches [GET] "/javascripts/application.js"):
  actionpack (4.1.0) lib/action_dispatch/middleware/debug_exceptions.rb:21:in `call'
  actionpack (4.1.0) lib/action_dispatch/middleware/show_exceptions.rb:30:in `call'
  railties (4.1.0) lib/rails/rack/logger.rb:38:in `call_app'
  railties (4.1.0) lib/rails/rack/logger.rb:20:in `block in call'
  activesupport (4.1.0) lib/active_support/tagged_logging.rb:68:in `block in tagged'
  activesupport (4.1.0) lib/active_support/tagged_logging.rb:26:in `tagged'
  activesupport (4.1.0) lib/active_support/tagged_logging.rb:68:in `tagged'
  railties (4.1.0) lib/rails/rack/logger.rb:20:in `call'
  actionpack (4.1.0) lib/action_dispatch/middleware/request_id.rb:21:in `call'
  rack (1.5.2) lib/rack/methodoverride.rb:21:in `call'
  rack (1.5.2) lib/rack/runtime.rb:17:in `call'
  activesupport (4.1.0) lib/active_support/cache/strategy/local_cache_middleware.rb:26:in `call'
  rack (1.5.2) lib/rack/sendfile.rb:112:in `call'
  railties (4.1.0) lib/rails/engine.rb:514:in `call'
  railties (4.1.0) lib/rails/application.rb:144:in `call'
  rack (1.5.2) lib/rack/lock.rb:17:in `call'
  rack (1.5.2) lib/rack/content_length.rb:14:in `call'
  rack (1.5.2) lib/rack/handler/webrick.rb:60:in `service'
  C:/Ruby200/lib/ruby/2.0.0/webrick/httpserver.rb:138:in `service'
  C:/Ruby200/lib/ruby/2.0.0/webrick/httpserver.rb:94:in `run'
  C:/Ruby200/lib/ruby/2.0.0/webrick/server.rb:295:in `block in start_thread'


I, [2014-05-06T00:41:48.016639 #6220]  INFO -- : Started GET "/help" for 127.0.0.1 at 2014-05-06 00:41:48 +0800
I, [2014-05-06T00:41:48.016639 #6220]  INFO -- : Processing by StaticPagesController#help as HTML
I, [2014-05-06T00:41:48.032265 #6220]  INFO -- :   Rendered static_pages/help.html.erb within layouts/application (0.0ms)
I, [2014-05-06T00:41:48.032265 #6220]  INFO -- :   Rendered layouts/_shim.html.erb (0.0ms)
I, [2014-05-06T00:41:48.032265 #6220]  INFO -- :   Rendered layouts/_header.html.erb (0.0ms)
I, [2014-05-06T00:41:48.032265 #6220]  INFO -- :   Rendered layouts/_footer.html.erb (0.0ms)
I, [2014-05-06T00:41:48.032265 #6220]  INFO -- : Completed 200 OK in 0ms (Views: 0.0ms | ActiveRecord: 0.0ms)
I, [2014-05-06T00:41:48.141649 #6220]  INFO -- : Started GET "/stylesheets/application.css" for 127.0.0.1 at 2014-05-06 00:41:48 +0800
F, [2014-05-06T00:41:48.141649 #6220] FATAL -- : 
ActionController::RoutingError (No route matches [GET] "/stylesheets/application.css"):
  actionpack (4.1.0) lib/action_dispatch/middleware/debug_exceptions.rb:21:in `call'
  actionpack (4.1.0) lib/action_dispatch/middleware/show_exceptions.rb:30:in `call'
  railties (4.1.0) lib/rails/rack/logger.rb:38:in `call_app'
  railties (4.1.0) lib/rails/rack/logger.rb:20:in `block in call'
  activesupport (4.1.0) lib/active_support/tagged_logging.rb:68:in `block in tagged'
  activesupport (4.1.0) lib/active_support/tagged_logging.rb:26:in `tagged'
  activesupport (4.1.0) lib/active_support/tagged_logging.rb:68:in `tagged'
  railties (4.1.0) lib/rails/rack/logger.rb:20:in `call'
  actionpack (4.1.0) lib/action_dispatch/middleware/request_id.rb:21:in `call'
  rack (1.5.2) lib/rack/methodoverride.rb:21:in `call'
  rack (1.5.2) lib/rack/runtime.rb:17:in `call'
  activesupport (4.1.0) lib/active_support/cache/strategy/local_cache_middleware.rb:26:in `call'
  rack (1.5.2) lib/rack/sendfile.rb:112:in `call'
  railties (4.1.0) lib/rails/engine.rb:514:in `call'
  railties (4.1.0) lib/rails/application.rb:144:in `call'
  rack (1.5.2) lib/rack/lock.rb:17:in `call'
  rack (1.5.2) lib/rack/content_length.rb:14:in `call'
  rack (1.5.2) lib/rack/handler/webrick.rb:60:in `service'
  C:/Ruby200/lib/ruby/2.0.0/webrick/httpserver.rb:138:in `service'
  C:/Ruby200/lib/ruby/2.0.0/webrick/httpserver.rb:94:in `run'
  C:/Ruby200/lib/ruby/2.0.0/webrick/server.rb:295:in `block in start_thread'


I, [2014-05-06T00:41:48.157275 #6220]  INFO -- : Started GET "/javascripts/application.js" for 127.0.0.1 at 2014-05-06 00:41:48 +0800
F, [2014-05-06T00:41:48.157275 #6220] FATAL -- : 
ActionController::RoutingError (No route matches [GET] "/javascripts/application.js"):
  actionpack (4.1.0) lib/action_dispatch/middleware/debug_exceptions.rb:21:in `call'
  actionpack (4.1.0) lib/action_dispatch/middleware/show_exceptions.rb:30:in `call'
  railties (4.1.0) lib/rails/rack/logger.rb:38:in `call_app'
  railties (4.1.0) lib/rails/rack/logger.rb:20:in `block in call'
  activesupport (4.1.0) lib/active_support/tagged_logging.rb:68:in `block in tagged'
  activesupport (4.1.0) lib/active_support/tagged_logging.rb:26:in `tagged'
  activesupport (4.1.0) lib/active_support/tagged_logging.rb:68:in `tagged'
  railties (4.1.0) lib/rails/rack/logger.rb:20:in `call'
  actionpack (4.1.0) lib/action_dispatch/middleware/request_id.rb:21:in `call'
  rack (1.5.2) lib/rack/methodoverride.rb:21:in `call'
  rack (1.5.2) lib/rack/runtime.rb:17:in `call'
  activesupport (4.1.0) lib/active_support/cache/strategy/local_cache_middleware.rb:26:in `call'
  rack (1.5.2) lib/rack/sendfile.rb:112:in `call'
  railties (4.1.0) lib/rails/engine.rb:514:in `call'
  railties (4.1.0) lib/rails/application.rb:144:in `call'
  rack (1.5.2) lib/rack/lock.rb:17:in `call'
  rack (1.5.2) lib/rack/content_length.rb:14:in `call'
  rack (1.5.2) lib/rack/handler/webrick.rb:60:in `service'
  C:/Ruby200/lib/ruby/2.0.0/webrick/httpserver.rb:138:in `service'
  C:/Ruby200/lib/ruby/2.0.0/webrick/httpserver.rb:94:in `run'
  C:/Ruby200/lib/ruby/2.0.0/webrick/server.rb:295:in `block in start_thread'


I, [2014-05-06T00:48:29.891994 #5852]  INFO -- : Started GET "/help" for 127.0.0.1 at 2014-05-06 00:48:29 +0800
I, [2014-05-06T00:48:29.938870 #5852]  INFO -- : Processing by StaticPagesController#help as HTML
I, [2014-05-06T00:48:29.970142 #5852]  INFO -- :   Rendered static_pages/help.html.erb within layouts/application (0.0ms)
I, [2014-05-06T00:48:33.001609 #5852]  INFO -- : Completed 500 Internal Server Error in 3063ms
F, [2014-05-06T00:48:33.001609 #5852] FATAL -- : 
ActionView::Template::Error (Undefined variable: "$grayLight".
  (in C:/Users/Tim/Documents/Uni/2014/CITS3403/Assignment 2/TimsTest/app/assets/stylesheets/custom.css.scss:57)):
    2: <html>
    3:   <head>
    4:     <title><%= full_title(yield(:title)) %></title>
    5:     <%= stylesheet_link_tag "application", media: "all", "data-turbolinks-track" => true %>
    6:     <%= javascript_include_tag "application", "data-turbolinks-track" => true %>
    7:     <%= csrf_meta_tags %>
    8: 	<%= render 'layouts/shim' %>
  app/assets/stylesheets/custom.css.scss:57
  app/views/layouts/application.html.erb:5:in `_app_views_layouts_application_html_erb__780076676_28808268'


I, [2014-05-06T00:49:11.613982 #5852]  INFO -- : Started GET "/help" for 127.0.0.1 at 2014-05-06 00:49:11 +0800
I, [2014-05-06T00:49:11.613982 #5852]  INFO -- : Processing by StaticPagesController#help as HTML
I, [2014-05-06T00:49:11.613982 #5852]  INFO -- :   Rendered static_pages/help.html.erb within layouts/application (0.0ms)
I, [2014-05-06T00:49:13.035966 #5852]  INFO -- : Completed 500 Internal Server Error in 1422ms
F, [2014-05-06T00:49:13.035966 #5852] FATAL -- : 
ActionView::Template::Error (Undefined variable: "$grayLight".
  (in C:/Users/Tim/Documents/Uni/2014/CITS3403/Assignment 2/TimsTest/app/assets/stylesheets/custom.css.scss:57)):
    2: <html>
    3:   <head>
    4:     <title><%= full_title(yield(:title)) %></title>
    5:     <%= stylesheet_link_tag "application", media: "all", "data-turbolinks-track" => true %>
    6:     <%= javascript_include_tag "application", "data-turbolinks-track" => true %>
    7:     <%= csrf_meta_tags %>
    8: 	<%= render 'layouts/shim' %>
  app/assets/stylesheets/custom.css.scss:57
  app/views/layouts/application.html.erb:5:in `_app_views_layouts_application_html_erb__780076676_28808268'


I, [2014-05-06T00:54:08.605554 #4192]  INFO -- : Started GET "/help" for 127.0.0.1 at 2014-05-06 00:54:08 +0800
I, [2014-05-06T00:54:08.652432 #4192]  INFO -- : Processing by StaticPagesController#help as HTML
I, [2014-05-06T00:54:08.683685 #4192]  INFO -- :   Rendered static_pages/help.html.erb within layouts/application (0.0ms)
I, [2014-05-06T00:54:10.027539 #4192]  INFO -- : Completed 500 Internal Server Error in 1375ms
F, [2014-05-06T00:54:10.027539 #4192] FATAL -- : 
ActionView::Template::Error (Undefined variable: "$grayLight".
  (in C:/Users/Tim/Documents/Uni/2014/CITS3403/Assignment 2/TimsTest/app/assets/stylesheets/custom.css.scss:57)):
    2: <html>
    3:   <head>
    4:     <title><%= full_title(yield(:title)) %></title>
    5:     <%= stylesheet_link_tag "application", media: "all", "data-turbolinks-track" => true %>
    6:     <%= javascript_include_tag "application", "data-turbolinks-track" => true %>
    7:     <%= csrf_meta_tags %>
    8: 	<%= render 'layouts/shim' %>
  app/assets/stylesheets/custom.css.scss:57
  app/views/layouts/application.html.erb:5:in `_app_views_layouts_application_html_erb__208675609_28726356'


I, [2014-05-06T00:54:18.231305 #4192]  INFO -- : Started GET "/help" for 127.0.0.1 at 2014-05-06 00:54:18 +0800
I, [2014-05-06T00:54:18.231305 #4192]  INFO -- : Processing by StaticPagesController#help as HTML
I, [2014-05-06T00:54:18.231305 #4192]  INFO -- :   Rendered static_pages/help.html.erb within layouts/application (0.0ms)
I, [2014-05-06T00:54:19.590783 #4192]  INFO -- : Completed 500 Internal Server Error in 1359ms
F, [2014-05-06T00:54:19.590783 #4192] FATAL -- : 
ActionView::Template::Error (Undefined variable: "$grayLight".
  (in C:/Users/Tim/Documents/Uni/2014/CITS3403/Assignment 2/TimsTest/app/assets/stylesheets/custom.css.scss:57)):
    2: <html>
    3:   <head>
    4:     <title><%= full_title(yield(:title)) %></title>
    5:     <%= stylesheet_link_tag "application", media: "all", "data-turbolinks-track" => true %>
    6:     <%= javascript_include_tag "application", "data-turbolinks-track" => true %>
    7:     <%= csrf_meta_tags %>
    8: 	<%= render 'layouts/shim' %>
  app/assets/stylesheets/custom.css.scss:57
  app/views/layouts/application.html.erb:5:in `_app_views_layouts_application_html_erb__208675609_28726356'


I, [2014-05-06T00:54:24.124140 #4192]  INFO -- : Started GET "/" for 123.3.255.70 at 2014-05-06 00:54:24 +0800
I, [2014-05-06T00:54:24.125143 #4192]  INFO -- : Processing by StaticPagesController#home as HTML
I, [2014-05-06T00:54:24.133153 #4192]  INFO -- :   Rendered static_pages/home.html.erb within layouts/application (1.0ms)
I, [2014-05-06T00:54:25.534873 #4192]  INFO -- : Completed 500 Internal Server Error in 1410ms
F, [2014-05-06T00:54:25.537876 #4192] FATAL -- : 
ActionView::Template::Error (Undefined variable: "$grayLight".
  (in C:/Users/Tim/Documents/Uni/2014/CITS3403/Assignment 2/TimsTest/app/assets/stylesheets/custom.css.scss:57)):
    2: <html>
    3:   <head>
    4:     <title><%= full_title(yield(:title)) %></title>
    5:     <%= stylesheet_link_tag "application", media: "all", "data-turbolinks-track" => true %>
    6:     <%= javascript_include_tag "application", "data-turbolinks-track" => true %>
    7:     <%= csrf_meta_tags %>
    8: 	<%= render 'layouts/shim' %>
  app/assets/stylesheets/custom.css.scss:57
  app/views/layouts/application.html.erb:5:in `_app_views_layouts_application_html_erb__208675609_28726356'


I, [2014-05-06T00:58:33.236981 #5628]  INFO -- : Started GET "/help" for 127.0.0.1 at 2014-05-06 00:58:33 +0800
I, [2014-05-06T00:58:33.283859 #5628]  INFO -- : Processing by StaticPagesController#help as HTML
I, [2014-05-06T00:58:33.330738 #5628]  INFO -- :   Rendered static_pages/help.html.erb within layouts/application (15.6ms)
I, [2014-05-06T00:58:34.721470 #5628]  INFO -- : Completed 500 Internal Server Error in 1438ms
F, [2014-05-06T00:58:34.721470 #5628] FATAL -- : 
ActionView::Template::Error (Undefined variable: "$grayLight".
  (in C:/Users/Tim/Documents/Uni/2014/CITS3403/Assignment 2/TimsTest/app/assets/stylesheets/custom.css.scss:57)):
    2: <html>
    3:   <head>
    4:     <title><%= full_title(yield(:title)) %></title>
    5:     <%= stylesheet_link_tag "application", media: "all", "data-turbolinks-track" => true %>
    6:     <%= javascript_include_tag "application", "data-turbolinks-track" => true %>
    7:     <%= csrf_meta_tags %>
    8: 	<%= render 'layouts/shim' %>
  app/assets/stylesheets/custom.css.scss:57
  app/views/layouts/application.html.erb:5:in `_app_views_layouts_application_html_erb__237947874_28343508'


